<?xml version="1.0" encoding="UTF-8"?>
<testsuite xmlns:xsi="http://www.w3.org/2001/XMLSchema-instance" xsi:noNamespaceSchemaLocation="https://maven.apache.org/surefire/maven-surefire-plugin/xsd/surefire-test-report-3.0.xsd" version="3.0" name="com.iut.banque.test.facade.TestsBanqueManager" time="0.014" tests="11" errors="0" skipped="0" failures="0">
  <properties>
[...]
</properties>
  <testcase name="TestSuppressionDunClientAvecUnCompteDeSoldePositif" classname="com.iut.banque.test.facade.TestsBanqueManager" time="0.0">
    <system-out><![CDATA[==================
Création de la Dao
]]></system-out>
    <system-err><![CDATA[oct. 05, 2024 3:02:50 PM org.springframework.test.context.support.DefaultTestContextBootstrapper getDefaultTestExecutionListenerClassNames
INFO: Loaded default TestExecutionListener class names from location [META-INF/spring.factories]: [org.springframework.test.context.web.ServletTestExecutionListener, org.springframework.test.context.support.DirtiesContextBeforeModesTestExecutionListener, org.springframework.test.context.support.DependencyInjectionTestExecutionListener, org.springframework.test.context.support.DirtiesContextTestExecutionListener, org.springframework.test.context.transaction.TransactionalTestExecutionListener, org.springframework.test.context.jdbc.SqlScriptsTestExecutionListener]
oct. 05, 2024 3:02:50 PM org.springframework.test.context.support.DefaultTestContextBootstrapper getTestExecutionListeners
INFO: Using TestExecutionListeners: [org.springframework.test.context.web.ServletTestExecutionListener@2ceee4b6, org.springframework.test.context.support.DirtiesContextBeforeModesTestExecutionListener@12a470dd, org.springframework.test.context.support.DependencyInjectionTestExecutionListener@6968bcec, org.springframework.test.context.support.DirtiesContextTestExecutionListener@5568c66f, org.springframework.test.context.transaction.TransactionalTestExecutionListener@e784320, org.springframework.test.context.jdbc.SqlScriptsTestExecutionListener@3f6bf8aa]
oct. 05, 2024 3:02:50 PM org.springframework.beans.factory.xml.XmlBeanDefinitionReader loadBeanDefinitions
INFO: Loading XML bean definitions from class path resource [test/resources/TestsBanqueManager-context.xml]
oct. 05, 2024 3:02:50 PM org.springframework.context.support.GenericApplicationContext prepareRefresh
INFO: Refreshing org.springframework.context.support.GenericApplicationContext@13c8ac77: startup date [Sat Oct 05 15:02:50 CEST 2024]; root of context hierarchy
oct. 05, 2024 3:02:50 PM org.hibernate.dialect.Dialect <init>
INFO: HHH000400: Using dialect: org.hibernate.dialect.MySQLInnoDBDialect
oct. 05, 2024 3:02:50 PM org.springframework.orm.hibernate5.HibernateTransactionManager afterPropertiesSet
INFO: Using DataSource [org.apache.commons.dbcp.BasicDataSource@26837057] of Hibernate SessionFactory for HibernateTransactionManager
oct. 05, 2024 3:02:50 PM org.springframework.test.context.transaction.TransactionContext startTransaction
INFO: Began transaction (1) for test context [DefaultTestContext@5d3b58ca testClass = TestsBanqueManager, testInstance = com.iut.banque.test.facade.TestsBanqueManager@4e224df5, testMethod = TestSuppressionDunClientAvecUnCompteDeSoldePositif@TestsBanqueManager, testException = [null], mergedContextConfiguration = [MergedContextConfiguration@2e7bf7b7 testClass = TestsBanqueManager, locations = '{classpath:/test/resources/TestsBanqueManager-context.xml}', classes = '{}', contextInitializerClasses = '[]', activeProfiles = '{}', propertySourceLocations = '{}', propertySourceProperties = '{}', contextLoader = 'org.springframework.test.context.support.DelegatingSmartContextLoader', parent = [null]]]; transaction manager [org.springframework.orm.hibernate5.HibernateTransactionManager@32456db0]; rollback [true]
oct. 05, 2024 3:02:50 PM org.springframework.test.context.transaction.TransactionContext endTransaction
INFO: Rolled back transaction for test context [DefaultTestContext@5d3b58ca testClass = TestsBanqueManager, testInstance = com.iut.banque.test.facade.TestsBanqueManager@4e224df5, testMethod = TestSuppressionDunClientAvecUnCompteDeSoldePositif@TestsBanqueManager, testException = [null], mergedContextConfiguration = [MergedContextConfiguration@2e7bf7b7 testClass = TestsBanqueManager, locations = '{classpath:/test/resources/TestsBanqueManager-context.xml}', classes = '{}', contextInitializerClasses = '[]', activeProfiles = '{}', propertySourceLocations = '{}', propertySourceProperties = '{}', contextLoader = 'org.springframework.test.context.support.DelegatingSmartContextLoader', parent = [null]]].
]]></system-err>
  </testcase>
  <testcase name="TestSuppressionDunClientAvecUnCompteAvecDecouvertDeSoldeNegatif" classname="com.iut.banque.test.facade.TestsBanqueManager" time="0.001">
    <system-err><![CDATA[oct. 05, 2024 3:02:50 PM org.springframework.test.context.transaction.TransactionContext startTransaction
INFO: Began transaction (1) for test context [DefaultTestContext@5d3b58ca testClass = TestsBanqueManager, testInstance = com.iut.banque.test.facade.TestsBanqueManager@3b83459e, testMethod = TestSuppressionDunClientAvecUnCompteAvecDecouvertDeSoldeNegatif@TestsBanqueManager, testException = [null], mergedContextConfiguration = [MergedContextConfiguration@2e7bf7b7 testClass = TestsBanqueManager, locations = '{classpath:/test/resources/TestsBanqueManager-context.xml}', classes = '{}', contextInitializerClasses = '[]', activeProfiles = '{}', propertySourceLocations = '{}', propertySourceProperties = '{}', contextLoader = 'org.springframework.test.context.support.DelegatingSmartContextLoader', parent = [null]]]; transaction manager [org.springframework.orm.hibernate5.HibernateTransactionManager@32456db0]; rollback [true]
oct. 05, 2024 3:02:50 PM org.springframework.test.context.transaction.TransactionContext endTransaction
INFO: Rolled back transaction for test context [DefaultTestContext@5d3b58ca testClass = TestsBanqueManager, testInstance = com.iut.banque.test.facade.TestsBanqueManager@3b83459e, testMethod = TestSuppressionDunClientAvecUnCompteAvecDecouvertDeSoldeNegatif@TestsBanqueManager, testException = [null], mergedContextConfiguration = [MergedContextConfiguration@2e7bf7b7 testClass = TestsBanqueManager, locations = '{classpath:/test/resources/TestsBanqueManager-context.xml}', classes = '{}', contextInitializerClasses = '[]', activeProfiles = '{}', propertySourceLocations = '{}', propertySourceProperties = '{}', contextLoader = 'org.springframework.test.context.support.DelegatingSmartContextLoader', parent = [null]]].
]]></system-err>
  </testcase>
  <testcase name="TestSuppressionDunCompteAvecDecouvertAvecSoldeDifferentDeZero" classname="com.iut.banque.test.facade.TestsBanqueManager" time="0.001">
    <system-err><![CDATA[oct. 05, 2024 3:02:50 PM org.springframework.test.context.transaction.TransactionContext startTransaction
INFO: Began transaction (1) for test context [DefaultTestContext@5d3b58ca testClass = TestsBanqueManager, testInstance = com.iut.banque.test.facade.TestsBanqueManager@4ed9f7b1, testMethod = TestSuppressionDunCompteAvecDecouvertAvecSoldeDifferentDeZero@TestsBanqueManager, testException = [null], mergedContextConfiguration = [MergedContextConfiguration@2e7bf7b7 testClass = TestsBanqueManager, locations = '{classpath:/test/resources/TestsBanqueManager-context.xml}', classes = '{}', contextInitializerClasses = '[]', activeProfiles = '{}', propertySourceLocations = '{}', propertySourceProperties = '{}', contextLoader = 'org.springframework.test.context.support.DelegatingSmartContextLoader', parent = [null]]]; transaction manager [org.springframework.orm.hibernate5.HibernateTransactionManager@32456db0]; rollback [true]
oct. 05, 2024 3:02:50 PM org.springframework.test.context.transaction.TransactionContext endTransaction
INFO: Rolled back transaction for test context [DefaultTestContext@5d3b58ca testClass = TestsBanqueManager, testInstance = com.iut.banque.test.facade.TestsBanqueManager@4ed9f7b1, testMethod = TestSuppressionDunCompteAvecDecouvertAvecSoldeDifferentDeZero@TestsBanqueManager, testException = [null], mergedContextConfiguration = [MergedContextConfiguration@2e7bf7b7 testClass = TestsBanqueManager, locations = '{classpath:/test/resources/TestsBanqueManager-context.xml}', classes = '{}', contextInitializerClasses = '[]', activeProfiles = '{}', propertySourceLocations = '{}', propertySourceProperties = '{}', contextLoader = 'org.springframework.test.context.support.DelegatingSmartContextLoader', parent = [null]]].
]]></system-err>
  </testcase>
  <testcase name="TestSuppressionDunClientAvecComptesDeSoldeZero" classname="com.iut.banque.test.facade.TestsBanqueManager" time="0.001">
    <system-err><![CDATA[oct. 05, 2024 3:02:50 PM org.springframework.test.context.transaction.TransactionContext startTransaction
INFO: Began transaction (1) for test context [DefaultTestContext@5d3b58ca testClass = TestsBanqueManager, testInstance = com.iut.banque.test.facade.TestsBanqueManager@c689973, testMethod = TestSuppressionDunClientAvecComptesDeSoldeZero@TestsBanqueManager, testException = [null], mergedContextConfiguration = [MergedContextConfiguration@2e7bf7b7 testClass = TestsBanqueManager, locations = '{classpath:/test/resources/TestsBanqueManager-context.xml}', classes = '{}', contextInitializerClasses = '[]', activeProfiles = '{}', propertySourceLocations = '{}', propertySourceProperties = '{}', contextLoader = 'org.springframework.test.context.support.DelegatingSmartContextLoader', parent = [null]]]; transaction manager [org.springframework.orm.hibernate5.HibernateTransactionManager@32456db0]; rollback [true]
oct. 05, 2024 3:02:50 PM org.springframework.test.context.transaction.TransactionContext endTransaction
INFO: Rolled back transaction for test context [DefaultTestContext@5d3b58ca testClass = TestsBanqueManager, testInstance = com.iut.banque.test.facade.TestsBanqueManager@c689973, testMethod = TestSuppressionDunClientAvecComptesDeSoldeZero@TestsBanqueManager, testException = [null], mergedContextConfiguration = [MergedContextConfiguration@2e7bf7b7 testClass = TestsBanqueManager, locations = '{classpath:/test/resources/TestsBanqueManager-context.xml}', classes = '{}', contextInitializerClasses = '[]', activeProfiles = '{}', propertySourceLocations = '{}', propertySourceProperties = '{}', contextLoader = 'org.springframework.test.context.support.DelegatingSmartContextLoader', parent = [null]]].
]]></system-err>
  </testcase>
  <testcase name="TestSuppressionDuDernierManagerDeLaBaseDeDonnees" classname="com.iut.banque.test.facade.TestsBanqueManager" time="0.001">
    <system-err><![CDATA[oct. 05, 2024 3:02:50 PM org.springframework.test.context.transaction.TransactionContext startTransaction
INFO: Began transaction (1) for test context [DefaultTestContext@5d3b58ca testClass = TestsBanqueManager, testInstance = com.iut.banque.test.facade.TestsBanqueManager@51a651c1, testMethod = TestSuppressionDuDernierManagerDeLaBaseDeDonnees@TestsBanqueManager, testException = [null], mergedContextConfiguration = [MergedContextConfiguration@2e7bf7b7 testClass = TestsBanqueManager, locations = '{classpath:/test/resources/TestsBanqueManager-context.xml}', classes = '{}', contextInitializerClasses = '[]', activeProfiles = '{}', propertySourceLocations = '{}', propertySourceProperties = '{}', contextLoader = 'org.springframework.test.context.support.DelegatingSmartContextLoader', parent = [null]]]; transaction manager [org.springframework.orm.hibernate5.HibernateTransactionManager@32456db0]; rollback [true]
oct. 05, 2024 3:02:50 PM org.springframework.test.context.transaction.TransactionContext endTransaction
INFO: Rolled back transaction for test context [DefaultTestContext@5d3b58ca testClass = TestsBanqueManager, testInstance = com.iut.banque.test.facade.TestsBanqueManager@51a651c1, testMethod = TestSuppressionDuDernierManagerDeLaBaseDeDonnees@TestsBanqueManager, testException = [null], mergedContextConfiguration = [MergedContextConfiguration@2e7bf7b7 testClass = TestsBanqueManager, locations = '{classpath:/test/resources/TestsBanqueManager-context.xml}', classes = '{}', contextInitializerClasses = '[]', activeProfiles = '{}', propertySourceLocations = '{}', propertySourceProperties = '{}', contextLoader = 'org.springframework.test.context.support.DelegatingSmartContextLoader', parent = [null]]].
]]></system-err>
  </testcase>
  <testcase name="TestSuppressionDunCompteSansDecouvertAvecSoldeZero" classname="com.iut.banque.test.facade.TestsBanqueManager" time="0.0">
    <system-err><![CDATA[oct. 05, 2024 3:02:50 PM org.springframework.test.context.transaction.TransactionContext startTransaction
INFO: Began transaction (1) for test context [DefaultTestContext@5d3b58ca testClass = TestsBanqueManager, testInstance = com.iut.banque.test.facade.TestsBanqueManager@7a6ea47d, testMethod = TestSuppressionDunCompteSansDecouvertAvecSoldeZero@TestsBanqueManager, testException = [null], mergedContextConfiguration = [MergedContextConfiguration@2e7bf7b7 testClass = TestsBanqueManager, locations = '{classpath:/test/resources/TestsBanqueManager-context.xml}', classes = '{}', contextInitializerClasses = '[]', activeProfiles = '{}', propertySourceLocations = '{}', propertySourceProperties = '{}', contextLoader = 'org.springframework.test.context.support.DelegatingSmartContextLoader', parent = [null]]]; transaction manager [org.springframework.orm.hibernate5.HibernateTransactionManager@32456db0]; rollback [true]
oct. 05, 2024 3:02:50 PM org.springframework.test.context.transaction.TransactionContext endTransaction
INFO: Rolled back transaction for test context [DefaultTestContext@5d3b58ca testClass = TestsBanqueManager, testInstance = com.iut.banque.test.facade.TestsBanqueManager@7a6ea47d, testMethod = TestSuppressionDunCompteSansDecouvertAvecSoldeZero@TestsBanqueManager, testException = [null], mergedContextConfiguration = [MergedContextConfiguration@2e7bf7b7 testClass = TestsBanqueManager, locations = '{classpath:/test/resources/TestsBanqueManager-context.xml}', classes = '{}', contextInitializerClasses = '[]', activeProfiles = '{}', propertySourceLocations = '{}', propertySourceProperties = '{}', contextLoader = 'org.springframework.test.context.support.DelegatingSmartContextLoader', parent = [null]]].
]]></system-err>
  </testcase>
  <testcase name="TestSuppressionDunCompteSansDecouvertAvecSoldeDifferentDeZero" classname="com.iut.banque.test.facade.TestsBanqueManager" time="0.001">
    <system-err><![CDATA[oct. 05, 2024 3:02:50 PM org.springframework.test.context.transaction.TransactionContext startTransaction
INFO: Began transaction (1) for test context [DefaultTestContext@5d3b58ca testClass = TestsBanqueManager, testInstance = com.iut.banque.test.facade.TestsBanqueManager@9b5f3c7, testMethod = TestSuppressionDunCompteSansDecouvertAvecSoldeDifferentDeZero@TestsBanqueManager, testException = [null], mergedContextConfiguration = [MergedContextConfiguration@2e7bf7b7 testClass = TestsBanqueManager, locations = '{classpath:/test/resources/TestsBanqueManager-context.xml}', classes = '{}', contextInitializerClasses = '[]', activeProfiles = '{}', propertySourceLocations = '{}', propertySourceProperties = '{}', contextLoader = 'org.springframework.test.context.support.DelegatingSmartContextLoader', parent = [null]]]; transaction manager [org.springframework.orm.hibernate5.HibernateTransactionManager@32456db0]; rollback [true]
oct. 05, 2024 3:02:50 PM org.springframework.test.context.transaction.TransactionContext endTransaction
INFO: Rolled back transaction for test context [DefaultTestContext@5d3b58ca testClass = TestsBanqueManager, testInstance = com.iut.banque.test.facade.TestsBanqueManager@9b5f3c7, testMethod = TestSuppressionDunCompteSansDecouvertAvecSoldeDifferentDeZero@TestsBanqueManager, testException = [null], mergedContextConfiguration = [MergedContextConfiguration@2e7bf7b7 testClass = TestsBanqueManager, locations = '{classpath:/test/resources/TestsBanqueManager-context.xml}', classes = '{}', contextInitializerClasses = '[]', activeProfiles = '{}', propertySourceLocations = '{}', propertySourceProperties = '{}', contextLoader = 'org.springframework.test.context.support.DelegatingSmartContextLoader', parent = [null]]].
]]></system-err>
  </testcase>
  <testcase name="TestCreationDunClientAvecDeuxNumerosDeCompteIdentiques" classname="com.iut.banque.test.facade.TestsBanqueManager" time="0.001">
    <system-err><![CDATA[oct. 05, 2024 3:02:50 PM org.springframework.test.context.transaction.TransactionContext startTransaction
INFO: Began transaction (1) for test context [DefaultTestContext@5d3b58ca testClass = TestsBanqueManager, testInstance = com.iut.banque.test.facade.TestsBanqueManager@48a2db72, testMethod = TestCreationDunClientAvecDeuxNumerosDeCompteIdentiques@TestsBanqueManager, testException = [null], mergedContextConfiguration = [MergedContextConfiguration@2e7bf7b7 testClass = TestsBanqueManager, locations = '{classpath:/test/resources/TestsBanqueManager-context.xml}', classes = '{}', contextInitializerClasses = '[]', activeProfiles = '{}', propertySourceLocations = '{}', propertySourceProperties = '{}', contextLoader = 'org.springframework.test.context.support.DelegatingSmartContextLoader', parent = [null]]]; transaction manager [org.springframework.orm.hibernate5.HibernateTransactionManager@32456db0]; rollback [true]
oct. 05, 2024 3:02:50 PM org.springframework.test.context.transaction.TransactionContext endTransaction
INFO: Rolled back transaction for test context [DefaultTestContext@5d3b58ca testClass = TestsBanqueManager, testInstance = com.iut.banque.test.facade.TestsBanqueManager@48a2db72, testMethod = TestCreationDunClientAvecDeuxNumerosDeCompteIdentiques@TestsBanqueManager, testException = [null], mergedContextConfiguration = [MergedContextConfiguration@2e7bf7b7 testClass = TestsBanqueManager, locations = '{classpath:/test/resources/TestsBanqueManager-context.xml}', classes = '{}', contextInitializerClasses = '[]', activeProfiles = '{}', propertySourceLocations = '{}', propertySourceProperties = '{}', contextLoader = 'org.springframework.test.context.support.DelegatingSmartContextLoader', parent = [null]]].
]]></system-err>
  </testcase>
  <testcase name="TestSuppressionDunCompteAvecDecouvertAvecSoldeZero" classname="com.iut.banque.test.facade.TestsBanqueManager" time="0.001">
    <system-err><![CDATA[oct. 05, 2024 3:02:50 PM org.springframework.test.context.transaction.TransactionContext startTransaction
INFO: Began transaction (1) for test context [DefaultTestContext@5d3b58ca testClass = TestsBanqueManager, testInstance = com.iut.banque.test.facade.TestsBanqueManager@24c8d8be, testMethod = TestSuppressionDunCompteAvecDecouvertAvecSoldeZero@TestsBanqueManager, testException = [null], mergedContextConfiguration = [MergedContextConfiguration@2e7bf7b7 testClass = TestsBanqueManager, locations = '{classpath:/test/resources/TestsBanqueManager-context.xml}', classes = '{}', contextInitializerClasses = '[]', activeProfiles = '{}', propertySourceLocations = '{}', propertySourceProperties = '{}', contextLoader = 'org.springframework.test.context.support.DelegatingSmartContextLoader', parent = [null]]]; transaction manager [org.springframework.orm.hibernate5.HibernateTransactionManager@32456db0]; rollback [true]
oct. 05, 2024 3:02:50 PM org.springframework.test.context.transaction.TransactionContext endTransaction
INFO: Rolled back transaction for test context [DefaultTestContext@5d3b58ca testClass = TestsBanqueManager, testInstance = com.iut.banque.test.facade.TestsBanqueManager@24c8d8be, testMethod = TestSuppressionDunCompteAvecDecouvertAvecSoldeZero@TestsBanqueManager, testException = [null], mergedContextConfiguration = [MergedContextConfiguration@2e7bf7b7 testClass = TestsBanqueManager, locations = '{classpath:/test/resources/TestsBanqueManager-context.xml}', classes = '{}', contextInitializerClasses = '[]', activeProfiles = '{}', propertySourceLocations = '{}', propertySourceProperties = '{}', contextLoader = 'org.springframework.test.context.support.DelegatingSmartContextLoader', parent = [null]]].
]]></system-err>
  </testcase>
  <testcase name="TestSuppressionDunUtilisateurSansCompte" classname="com.iut.banque.test.facade.TestsBanqueManager" time="0.001">
    <system-err><![CDATA[oct. 05, 2024 3:02:50 PM org.springframework.test.context.transaction.TransactionContext startTransaction
INFO: Began transaction (1) for test context [DefaultTestContext@5d3b58ca testClass = TestsBanqueManager, testInstance = com.iut.banque.test.facade.TestsBanqueManager@e09f1b6, testMethod = TestSuppressionDunUtilisateurSansCompte@TestsBanqueManager, testException = [null], mergedContextConfiguration = [MergedContextConfiguration@2e7bf7b7 testClass = TestsBanqueManager, locations = '{classpath:/test/resources/TestsBanqueManager-context.xml}', classes = '{}', contextInitializerClasses = '[]', activeProfiles = '{}', propertySourceLocations = '{}', propertySourceProperties = '{}', contextLoader = 'org.springframework.test.context.support.DelegatingSmartContextLoader', parent = [null]]]; transaction manager [org.springframework.orm.hibernate5.HibernateTransactionManager@32456db0]; rollback [true]
oct. 05, 2024 3:02:50 PM org.springframework.test.context.transaction.TransactionContext endTransaction
INFO: Rolled back transaction for test context [DefaultTestContext@5d3b58ca testClass = TestsBanqueManager, testInstance = com.iut.banque.test.facade.TestsBanqueManager@e09f1b6, testMethod = TestSuppressionDunUtilisateurSansCompte@TestsBanqueManager, testException = [null], mergedContextConfiguration = [MergedContextConfiguration@2e7bf7b7 testClass = TestsBanqueManager, locations = '{classpath:/test/resources/TestsBanqueManager-context.xml}', classes = '{}', contextInitializerClasses = '[]', activeProfiles = '{}', propertySourceLocations = '{}', propertySourceProperties = '{}', contextLoader = 'org.springframework.test.context.support.DelegatingSmartContextLoader', parent = [null]]].
]]></system-err>
  </testcase>
  <testcase name="TestCreationDunClient" classname="com.iut.banque.test.facade.TestsBanqueManager" time="0.001">
    <system-err><![CDATA[oct. 05, 2024 3:02:50 PM org.springframework.test.context.transaction.TransactionContext startTransaction
INFO: Began transaction (1) for test context [DefaultTestContext@5d3b58ca testClass = TestsBanqueManager, testInstance = com.iut.banque.test.facade.TestsBanqueManager@6f5bd362, testMethod = TestCreationDunClient@TestsBanqueManager, testException = [null], mergedContextConfiguration = [MergedContextConfiguration@2e7bf7b7 testClass = TestsBanqueManager, locations = '{classpath:/test/resources/TestsBanqueManager-context.xml}', classes = '{}', contextInitializerClasses = '[]', activeProfiles = '{}', propertySourceLocations = '{}', propertySourceProperties = '{}', contextLoader = 'org.springframework.test.context.support.DelegatingSmartContextLoader', parent = [null]]]; transaction manager [org.springframework.orm.hibernate5.HibernateTransactionManager@32456db0]; rollback [true]
oct. 05, 2024 3:02:50 PM org.springframework.test.context.transaction.TransactionContext endTransaction
INFO: Rolled back transaction for test context [DefaultTestContext@5d3b58ca testClass = TestsBanqueManager, testInstance = com.iut.banque.test.facade.TestsBanqueManager@6f5bd362, testMethod = TestCreationDunClient@TestsBanqueManager, testException = [null], mergedContextConfiguration = [MergedContextConfiguration@2e7bf7b7 testClass = TestsBanqueManager, locations = '{classpath:/test/resources/TestsBanqueManager-context.xml}', classes = '{}', contextInitializerClasses = '[]', activeProfiles = '{}', propertySourceLocations = '{}', propertySourceProperties = '{}', contextLoader = 'org.springframework.test.context.support.DelegatingSmartContextLoader', parent = [null]]].
]]></system-err>
  </testcase>
</testsuite>