<?xml version="1.0" encoding="UTF-8"?>
<testsuite xmlns:xsi="http://www.w3.org/2001/XMLSchema-instance" xsi:noNamespaceSchemaLocation="https://maven.apache.org/surefire/maven-surefire-plugin/xsd/surefire-test-report-3.0.xsd" version="3.0" name="com.iut.banque.test.dao.TestsDaoHibernate" time="1.43" tests="28" errors="0" skipped="0" failures="0">
  <properties>
[...]
</properties>
  <testcase name="testIsUserAllowedUserDoesntExist" classname="com.iut.banque.test.dao.TestsDaoHibernate" time="0.063">
    <system-out><![CDATA[==================
Création de la Dao
]]></system-out>
    <system-err><![CDATA[oct. 05, 2024 3:02:49 PM org.springframework.test.context.support.DefaultTestContextBootstrapper getDefaultTestExecutionListenerClassNames
INFO: Loaded default TestExecutionListener class names from location [META-INF/spring.factories]: [org.springframework.test.context.web.ServletTestExecutionListener, org.springframework.test.context.support.DirtiesContextBeforeModesTestExecutionListener, org.springframework.test.context.support.DependencyInjectionTestExecutionListener, org.springframework.test.context.support.DirtiesContextTestExecutionListener, org.springframework.test.context.transaction.TransactionalTestExecutionListener, org.springframework.test.context.jdbc.SqlScriptsTestExecutionListener]
oct. 05, 2024 3:02:49 PM org.springframework.test.context.support.DefaultTestContextBootstrapper getTestExecutionListeners
INFO: Using TestExecutionListeners: [org.springframework.test.context.web.ServletTestExecutionListener@62e7f11d, org.springframework.test.context.support.DirtiesContextBeforeModesTestExecutionListener@503d687a, org.springframework.test.context.support.DependencyInjectionTestExecutionListener@6a370f4, org.springframework.test.context.support.DirtiesContextTestExecutionListener@2abf4075, org.springframework.test.context.transaction.TransactionalTestExecutionListener@770d3326, org.springframework.test.context.jdbc.SqlScriptsTestExecutionListener@4cc8eb05]
oct. 05, 2024 3:02:49 PM org.springframework.beans.factory.xml.XmlBeanDefinitionReader loadBeanDefinitions
INFO: Loading XML bean definitions from class path resource [test/resources/TestsDaoHibernate-context.xml]
oct. 05, 2024 3:02:49 PM org.springframework.context.support.GenericApplicationContext prepareRefresh
INFO: Refreshing org.springframework.context.support.GenericApplicationContext@14555e0a: startup date [Sat Oct 05 15:02:49 CEST 2024]; root of context hierarchy
oct. 05, 2024 3:02:49 PM org.hibernate.Version logVersion
INFO: HHH000412: Hibernate Core {5.1.17.Final}
oct. 05, 2024 3:02:49 PM org.hibernate.cfg.Environment <clinit>
INFO: HHH000206: hibernate.properties not found
oct. 05, 2024 3:02:49 PM org.hibernate.cfg.Environment buildBytecodeProvider
INFO: HHH000021: Bytecode provider name : javassist
oct. 05, 2024 3:02:49 PM org.hibernate.annotations.common.reflection.java.JavaReflectionManager <clinit>
INFO: HCANN000001: Hibernate Commons Annotations {5.0.1.Final}
Loading class `com.mysql.jdbc.Driver'. This is deprecated. The new driver class is `com.mysql.cj.jdbc.Driver'. The driver is automatically registered via the SPI and manual loading of the driver class is generally unnecessary.
oct. 05, 2024 3:02:49 PM org.hibernate.dialect.Dialect <init>
INFO: HHH000400: Using dialect: org.hibernate.dialect.MySQLInnoDBDialect
oct. 05, 2024 3:02:50 PM org.springframework.orm.hibernate5.HibernateTransactionManager afterPropertiesSet
INFO: Using DataSource [org.apache.commons.dbcp.BasicDataSource@79c5460e] of Hibernate SessionFactory for HibernateTransactionManager
oct. 05, 2024 3:02:50 PM org.springframework.test.context.transaction.TransactionContext startTransaction
INFO: Began transaction (1) for test context [DefaultTestContext@2489e84a testClass = TestsDaoHibernate, testInstance = com.iut.banque.test.dao.TestsDaoHibernate@2a39aa2b, testMethod = testIsUserAllowedUserDoesntExist@TestsDaoHibernate, testException = [null], mergedContextConfiguration = [MergedContextConfiguration@6015a4a5 testClass = TestsDaoHibernate, locations = '{classpath:/test/resources/TestsDaoHibernate-context.xml}', classes = '{}', contextInitializerClasses = '[]', activeProfiles = '{}', propertySourceLocations = '{}', propertySourceProperties = '{}', contextLoader = 'org.springframework.test.context.support.DelegatingSmartContextLoader', parent = [null]]]; transaction manager [org.springframework.orm.hibernate5.HibernateTransactionManager@62b93086]; rollback [true]
oct. 05, 2024 3:02:50 PM org.springframework.test.context.transaction.TransactionContext endTransaction
INFO: Rolled back transaction for test context [DefaultTestContext@2489e84a testClass = TestsDaoHibernate, testInstance = com.iut.banque.test.dao.TestsDaoHibernate@2a39aa2b, testMethod = testIsUserAllowedUserDoesntExist@TestsDaoHibernate, testException = [null], mergedContextConfiguration = [MergedContextConfiguration@6015a4a5 testClass = TestsDaoHibernate, locations = '{classpath:/test/resources/TestsDaoHibernate-context.xml}', classes = '{}', contextInitializerClasses = '[]', activeProfiles = '{}', propertySourceLocations = '{}', propertySourceProperties = '{}', contextLoader = 'org.springframework.test.context.support.DelegatingSmartContextLoader', parent = [null]]].
]]></system-err>
  </testcase>
  <testcase name="testGetAccountByIdExist" classname="com.iut.banque.test.dao.TestsDaoHibernate" time="0.019">
    <system-err><![CDATA[oct. 05, 2024 3:02:50 PM org.springframework.test.context.transaction.TransactionContext startTransaction
INFO: Began transaction (1) for test context [DefaultTestContext@2489e84a testClass = TestsDaoHibernate, testInstance = com.iut.banque.test.dao.TestsDaoHibernate@3f81621c, testMethod = testGetAccountByIdExist@TestsDaoHibernate, testException = [null], mergedContextConfiguration = [MergedContextConfiguration@6015a4a5 testClass = TestsDaoHibernate, locations = '{classpath:/test/resources/TestsDaoHibernate-context.xml}', classes = '{}', contextInitializerClasses = '[]', activeProfiles = '{}', propertySourceLocations = '{}', propertySourceProperties = '{}', contextLoader = 'org.springframework.test.context.support.DelegatingSmartContextLoader', parent = [null]]]; transaction manager [org.springframework.orm.hibernate5.HibernateTransactionManager@62b93086]; rollback [true]
oct. 05, 2024 3:02:50 PM org.springframework.test.context.transaction.TransactionContext endTransaction
INFO: Rolled back transaction for test context [DefaultTestContext@2489e84a testClass = TestsDaoHibernate, testInstance = com.iut.banque.test.dao.TestsDaoHibernate@3f81621c, testMethod = testGetAccountByIdExist@TestsDaoHibernate, testException = [null], mergedContextConfiguration = [MergedContextConfiguration@6015a4a5 testClass = TestsDaoHibernate, locations = '{classpath:/test/resources/TestsDaoHibernate-context.xml}', classes = '{}', contextInitializerClasses = '[]', activeProfiles = '{}', propertySourceLocations = '{}', propertySourceProperties = '{}', contextLoader = 'org.springframework.test.context.support.DelegatingSmartContextLoader', parent = [null]]].
]]></system-err>
  </testcase>
  <testcase name="testGetCompteSansDecouvert" classname="com.iut.banque.test.dao.TestsDaoHibernate" time="0.004">
    <system-err><![CDATA[oct. 05, 2024 3:02:50 PM org.springframework.test.context.transaction.TransactionContext startTransaction
INFO: Began transaction (1) for test context [DefaultTestContext@2489e84a testClass = TestsDaoHibernate, testInstance = com.iut.banque.test.dao.TestsDaoHibernate@228bda54, testMethod = testGetCompteSansDecouvert@TestsDaoHibernate, testException = [null], mergedContextConfiguration = [MergedContextConfiguration@6015a4a5 testClass = TestsDaoHibernate, locations = '{classpath:/test/resources/TestsDaoHibernate-context.xml}', classes = '{}', contextInitializerClasses = '[]', activeProfiles = '{}', propertySourceLocations = '{}', propertySourceProperties = '{}', contextLoader = 'org.springframework.test.context.support.DelegatingSmartContextLoader', parent = [null]]]; transaction manager [org.springframework.orm.hibernate5.HibernateTransactionManager@62b93086]; rollback [true]
oct. 05, 2024 3:02:50 PM org.springframework.test.context.transaction.TransactionContext endTransaction
INFO: Rolled back transaction for test context [DefaultTestContext@2489e84a testClass = TestsDaoHibernate, testInstance = com.iut.banque.test.dao.TestsDaoHibernate@228bda54, testMethod = testGetCompteSansDecouvert@TestsDaoHibernate, testException = [null], mergedContextConfiguration = [MergedContextConfiguration@6015a4a5 testClass = TestsDaoHibernate, locations = '{classpath:/test/resources/TestsDaoHibernate-context.xml}', classes = '{}', contextInitializerClasses = '[]', activeProfiles = '{}', propertySourceLocations = '{}', propertySourceProperties = '{}', contextLoader = 'org.springframework.test.context.support.DelegatingSmartContextLoader', parent = [null]]].
]]></system-err>
  </testcase>
  <testcase name="testDeleteAccountExist" classname="com.iut.banque.test.dao.TestsDaoHibernate" time="0.01">
    <system-err><![CDATA[oct. 05, 2024 3:02:50 PM org.springframework.test.context.transaction.TransactionContext startTransaction
INFO: Began transaction (1) for test context [DefaultTestContext@2489e84a testClass = TestsDaoHibernate, testInstance = com.iut.banque.test.dao.TestsDaoHibernate@21a9a705, testMethod = testDeleteAccountExist@TestsDaoHibernate, testException = [null], mergedContextConfiguration = [MergedContextConfiguration@6015a4a5 testClass = TestsDaoHibernate, locations = '{classpath:/test/resources/TestsDaoHibernate-context.xml}', classes = '{}', contextInitializerClasses = '[]', activeProfiles = '{}', propertySourceLocations = '{}', propertySourceProperties = '{}', contextLoader = 'org.springframework.test.context.support.DelegatingSmartContextLoader', parent = [null]]]; transaction manager [org.springframework.orm.hibernate5.HibernateTransactionManager@62b93086]; rollback [true]
oct. 05, 2024 3:02:50 PM org.springframework.test.context.transaction.TransactionContext endTransaction
INFO: Rolled back transaction for test context [DefaultTestContext@2489e84a testClass = TestsDaoHibernate, testInstance = com.iut.banque.test.dao.TestsDaoHibernate@21a9a705, testMethod = testDeleteAccountExist@TestsDaoHibernate, testException = [null], mergedContextConfiguration = [MergedContextConfiguration@6015a4a5 testClass = TestsDaoHibernate, locations = '{classpath:/test/resources/TestsDaoHibernate-context.xml}', classes = '{}', contextInitializerClasses = '[]', activeProfiles = '{}', propertySourceLocations = '{}', propertySourceProperties = '{}', contextLoader = 'org.springframework.test.context.support.DelegatingSmartContextLoader', parent = [null]]].
]]></system-err>
  </testcase>
  <testcase name="testCreateUserExistingId" classname="com.iut.banque.test.dao.TestsDaoHibernate" time="0.004">
    <system-err><![CDATA[oct. 05, 2024 3:02:50 PM org.springframework.test.context.transaction.TransactionContext startTransaction
INFO: Began transaction (1) for test context [DefaultTestContext@2489e84a testClass = TestsDaoHibernate, testInstance = com.iut.banque.test.dao.TestsDaoHibernate@36c2d629, testMethod = testCreateUserExistingId@TestsDaoHibernate, testException = [null], mergedContextConfiguration = [MergedContextConfiguration@6015a4a5 testClass = TestsDaoHibernate, locations = '{classpath:/test/resources/TestsDaoHibernate-context.xml}', classes = '{}', contextInitializerClasses = '[]', activeProfiles = '{}', propertySourceLocations = '{}', propertySourceProperties = '{}', contextLoader = 'org.springframework.test.context.support.DelegatingSmartContextLoader', parent = [null]]]; transaction manager [org.springframework.orm.hibernate5.HibernateTransactionManager@62b93086]; rollback [true]
oct. 05, 2024 3:02:50 PM org.springframework.test.context.transaction.TransactionContext endTransaction
INFO: Rolled back transaction for test context [DefaultTestContext@2489e84a testClass = TestsDaoHibernate, testInstance = com.iut.banque.test.dao.TestsDaoHibernate@36c2d629, testMethod = testCreateUserExistingId@TestsDaoHibernate, testException = [null], mergedContextConfiguration = [MergedContextConfiguration@6015a4a5 testClass = TestsDaoHibernate, locations = '{classpath:/test/resources/TestsDaoHibernate-context.xml}', classes = '{}', contextInitializerClasses = '[]', activeProfiles = '{}', propertySourceLocations = '{}', propertySourceProperties = '{}', contextLoader = 'org.springframework.test.context.support.DelegatingSmartContextLoader', parent = [null]]].
]]></system-err>
  </testcase>
  <testcase name="testGetUserByIdExist" classname="com.iut.banque.test.dao.TestsDaoHibernate" time="0.004">
    <system-err><![CDATA[oct. 05, 2024 3:02:50 PM org.springframework.test.context.transaction.TransactionContext startTransaction
INFO: Began transaction (1) for test context [DefaultTestContext@2489e84a testClass = TestsDaoHibernate, testInstance = com.iut.banque.test.dao.TestsDaoHibernate@7c37f145, testMethod = testGetUserByIdExist@TestsDaoHibernate, testException = [null], mergedContextConfiguration = [MergedContextConfiguration@6015a4a5 testClass = TestsDaoHibernate, locations = '{classpath:/test/resources/TestsDaoHibernate-context.xml}', classes = '{}', contextInitializerClasses = '[]', activeProfiles = '{}', propertySourceLocations = '{}', propertySourceProperties = '{}', contextLoader = 'org.springframework.test.context.support.DelegatingSmartContextLoader', parent = [null]]]; transaction manager [org.springframework.orm.hibernate5.HibernateTransactionManager@62b93086]; rollback [true]
oct. 05, 2024 3:02:50 PM org.springframework.test.context.transaction.TransactionContext endTransaction
INFO: Rolled back transaction for test context [DefaultTestContext@2489e84a testClass = TestsDaoHibernate, testInstance = com.iut.banque.test.dao.TestsDaoHibernate@7c37f145, testMethod = testGetUserByIdExist@TestsDaoHibernate, testException = [null], mergedContextConfiguration = [MergedContextConfiguration@6015a4a5 testClass = TestsDaoHibernate, locations = '{classpath:/test/resources/TestsDaoHibernate-context.xml}', classes = '{}', contextInitializerClasses = '[]', activeProfiles = '{}', propertySourceLocations = '{}', propertySourceProperties = '{}', contextLoader = 'org.springframework.test.context.support.DelegatingSmartContextLoader', parent = [null]]].
]]></system-err>
  </testcase>
  <testcase name="testGetAccountByIdDoesntExist" classname="com.iut.banque.test.dao.TestsDaoHibernate" time="0.002">
    <system-err><![CDATA[oct. 05, 2024 3:02:50 PM org.springframework.test.context.transaction.TransactionContext startTransaction
INFO: Began transaction (1) for test context [DefaultTestContext@2489e84a testClass = TestsDaoHibernate, testInstance = com.iut.banque.test.dao.TestsDaoHibernate@adcfad9, testMethod = testGetAccountByIdDoesntExist@TestsDaoHibernate, testException = [null], mergedContextConfiguration = [MergedContextConfiguration@6015a4a5 testClass = TestsDaoHibernate, locations = '{classpath:/test/resources/TestsDaoHibernate-context.xml}', classes = '{}', contextInitializerClasses = '[]', activeProfiles = '{}', propertySourceLocations = '{}', propertySourceProperties = '{}', contextLoader = 'org.springframework.test.context.support.DelegatingSmartContextLoader', parent = [null]]]; transaction manager [org.springframework.orm.hibernate5.HibernateTransactionManager@62b93086]; rollback [true]
oct. 05, 2024 3:02:50 PM org.springframework.test.context.transaction.TransactionContext endTransaction
INFO: Rolled back transaction for test context [DefaultTestContext@2489e84a testClass = TestsDaoHibernate, testInstance = com.iut.banque.test.dao.TestsDaoHibernate@adcfad9, testMethod = testGetAccountByIdDoesntExist@TestsDaoHibernate, testException = [null], mergedContextConfiguration = [MergedContextConfiguration@6015a4a5 testClass = TestsDaoHibernate, locations = '{classpath:/test/resources/TestsDaoHibernate-context.xml}', classes = '{}', contextInitializerClasses = '[]', activeProfiles = '{}', propertySourceLocations = '{}', propertySourceProperties = '{}', contextLoader = 'org.springframework.test.context.support.DelegatingSmartContextLoader', parent = [null]]].
]]></system-err>
  </testcase>
  <testcase name="testGetClientById" classname="com.iut.banque.test.dao.TestsDaoHibernate" time="0.004">
    <system-err><![CDATA[oct. 05, 2024 3:02:50 PM org.springframework.test.context.transaction.TransactionContext startTransaction
INFO: Began transaction (1) for test context [DefaultTestContext@2489e84a testClass = TestsDaoHibernate, testInstance = com.iut.banque.test.dao.TestsDaoHibernate@7da34b26, testMethod = testGetClientById@TestsDaoHibernate, testException = [null], mergedContextConfiguration = [MergedContextConfiguration@6015a4a5 testClass = TestsDaoHibernate, locations = '{classpath:/test/resources/TestsDaoHibernate-context.xml}', classes = '{}', contextInitializerClasses = '[]', activeProfiles = '{}', propertySourceLocations = '{}', propertySourceProperties = '{}', contextLoader = 'org.springframework.test.context.support.DelegatingSmartContextLoader', parent = [null]]]; transaction manager [org.springframework.orm.hibernate5.HibernateTransactionManager@62b93086]; rollback [true]
oct. 05, 2024 3:02:50 PM org.springframework.test.context.transaction.TransactionContext endTransaction
INFO: Rolled back transaction for test context [DefaultTestContext@2489e84a testClass = TestsDaoHibernate, testInstance = com.iut.banque.test.dao.TestsDaoHibernate@7da34b26, testMethod = testGetClientById@TestsDaoHibernate, testException = [null], mergedContextConfiguration = [MergedContextConfiguration@6015a4a5 testClass = TestsDaoHibernate, locations = '{classpath:/test/resources/TestsDaoHibernate-context.xml}', classes = '{}', contextInitializerClasses = '[]', activeProfiles = '{}', propertySourceLocations = '{}', propertySourceProperties = '{}', contextLoader = 'org.springframework.test.context.support.DelegatingSmartContextLoader', parent = [null]]].
]]></system-err>
  </testcase>
  <testcase name="testIsNullPassword" classname="com.iut.banque.test.dao.TestsDaoHibernate" time="0.002">
    <system-err><![CDATA[oct. 05, 2024 3:02:50 PM org.springframework.test.context.transaction.TransactionContext startTransaction
INFO: Began transaction (1) for test context [DefaultTestContext@2489e84a testClass = TestsDaoHibernate, testInstance = com.iut.banque.test.dao.TestsDaoHibernate@309cedb6, testMethod = testIsNullPassword@TestsDaoHibernate, testException = [null], mergedContextConfiguration = [MergedContextConfiguration@6015a4a5 testClass = TestsDaoHibernate, locations = '{classpath:/test/resources/TestsDaoHibernate-context.xml}', classes = '{}', contextInitializerClasses = '[]', activeProfiles = '{}', propertySourceLocations = '{}', propertySourceProperties = '{}', contextLoader = 'org.springframework.test.context.support.DelegatingSmartContextLoader', parent = [null]]]; transaction manager [org.springframework.orm.hibernate5.HibernateTransactionManager@62b93086]; rollback [true]
oct. 05, 2024 3:02:50 PM org.springframework.test.context.transaction.TransactionContext endTransaction
INFO: Rolled back transaction for test context [DefaultTestContext@2489e84a testClass = TestsDaoHibernate, testInstance = com.iut.banque.test.dao.TestsDaoHibernate@309cedb6, testMethod = testIsNullPassword@TestsDaoHibernate, testException = [null], mergedContextConfiguration = [MergedContextConfiguration@6015a4a5 testClass = TestsDaoHibernate, locations = '{classpath:/test/resources/TestsDaoHibernate-context.xml}', classes = '{}', contextInitializerClasses = '[]', activeProfiles = '{}', propertySourceLocations = '{}', propertySourceProperties = '{}', contextLoader = 'org.springframework.test.context.support.DelegatingSmartContextLoader', parent = [null]]].
]]></system-err>
  </testcase>
  <testcase name="testGetCompteAvecDecouvert" classname="com.iut.banque.test.dao.TestsDaoHibernate" time="0.006">
    <system-err><![CDATA[oct. 05, 2024 3:02:50 PM org.springframework.test.context.transaction.TransactionContext startTransaction
INFO: Began transaction (1) for test context [DefaultTestContext@2489e84a testClass = TestsDaoHibernate, testInstance = com.iut.banque.test.dao.TestsDaoHibernate@3b95a6db, testMethod = testGetCompteAvecDecouvert@TestsDaoHibernate, testException = [null], mergedContextConfiguration = [MergedContextConfiguration@6015a4a5 testClass = TestsDaoHibernate, locations = '{classpath:/test/resources/TestsDaoHibernate-context.xml}', classes = '{}', contextInitializerClasses = '[]', activeProfiles = '{}', propertySourceLocations = '{}', propertySourceProperties = '{}', contextLoader = 'org.springframework.test.context.support.DelegatingSmartContextLoader', parent = [null]]]; transaction manager [org.springframework.orm.hibernate5.HibernateTransactionManager@62b93086]; rollback [true]
oct. 05, 2024 3:02:50 PM org.springframework.test.context.transaction.TransactionContext endTransaction
INFO: Rolled back transaction for test context [DefaultTestContext@2489e84a testClass = TestsDaoHibernate, testInstance = com.iut.banque.test.dao.TestsDaoHibernate@3b95a6db, testMethod = testGetCompteAvecDecouvert@TestsDaoHibernate, testException = [null], mergedContextConfiguration = [MergedContextConfiguration@6015a4a5 testClass = TestsDaoHibernate, locations = '{classpath:/test/resources/TestsDaoHibernate-context.xml}', classes = '{}', contextInitializerClasses = '[]', activeProfiles = '{}', propertySourceLocations = '{}', propertySourceProperties = '{}', contextLoader = 'org.springframework.test.context.support.DelegatingSmartContextLoader', parent = [null]]].
]]></system-err>
  </testcase>
  <testcase name="testGetAccountsByUserIdExist" classname="com.iut.banque.test.dao.TestsDaoHibernate" time="0.005">
    <system-err><![CDATA[oct. 05, 2024 3:02:50 PM org.springframework.test.context.transaction.TransactionContext startTransaction
INFO: Began transaction (1) for test context [DefaultTestContext@2489e84a testClass = TestsDaoHibernate, testInstance = com.iut.banque.test.dao.TestsDaoHibernate@2ffb3aec, testMethod = testGetAccountsByUserIdExist@TestsDaoHibernate, testException = [null], mergedContextConfiguration = [MergedContextConfiguration@6015a4a5 testClass = TestsDaoHibernate, locations = '{classpath:/test/resources/TestsDaoHibernate-context.xml}', classes = '{}', contextInitializerClasses = '[]', activeProfiles = '{}', propertySourceLocations = '{}', propertySourceProperties = '{}', contextLoader = 'org.springframework.test.context.support.DelegatingSmartContextLoader', parent = [null]]]; transaction manager [org.springframework.orm.hibernate5.HibernateTransactionManager@62b93086]; rollback [true]
oct. 05, 2024 3:02:50 PM org.springframework.test.context.transaction.TransactionContext endTransaction
INFO: Rolled back transaction for test context [DefaultTestContext@2489e84a testClass = TestsDaoHibernate, testInstance = com.iut.banque.test.dao.TestsDaoHibernate@2ffb3aec, testMethod = testGetAccountsByUserIdExist@TestsDaoHibernate, testException = [null], mergedContextConfiguration = [MergedContextConfiguration@6015a4a5 testClass = TestsDaoHibernate, locations = '{classpath:/test/resources/TestsDaoHibernate-context.xml}', classes = '{}', contextInitializerClasses = '[]', activeProfiles = '{}', propertySourceLocations = '{}', propertySourceProperties = '{}', contextLoader = 'org.springframework.test.context.support.DelegatingSmartContextLoader', parent = [null]]].
]]></system-err>
  </testcase>
  <testcase name="testCreateCompteSansDecouvert" classname="com.iut.banque.test.dao.TestsDaoHibernate" time="0.008">
    <system-err><![CDATA[oct. 05, 2024 3:02:50 PM org.springframework.test.context.transaction.TransactionContext startTransaction
INFO: Began transaction (1) for test context [DefaultTestContext@2489e84a testClass = TestsDaoHibernate, testInstance = com.iut.banque.test.dao.TestsDaoHibernate@4da39ca9, testMethod = testCreateCompteSansDecouvert@TestsDaoHibernate, testException = [null], mergedContextConfiguration = [MergedContextConfiguration@6015a4a5 testClass = TestsDaoHibernate, locations = '{classpath:/test/resources/TestsDaoHibernate-context.xml}', classes = '{}', contextInitializerClasses = '[]', activeProfiles = '{}', propertySourceLocations = '{}', propertySourceProperties = '{}', contextLoader = 'org.springframework.test.context.support.DelegatingSmartContextLoader', parent = [null]]]; transaction manager [org.springframework.orm.hibernate5.HibernateTransactionManager@62b93086]; rollback [true]
oct. 05, 2024 3:02:50 PM org.springframework.test.context.transaction.TransactionContext endTransaction
INFO: Rolled back transaction for test context [DefaultTestContext@2489e84a testClass = TestsDaoHibernate, testInstance = com.iut.banque.test.dao.TestsDaoHibernate@4da39ca9, testMethod = testCreateCompteSansDecouvert@TestsDaoHibernate, testException = [null], mergedContextConfiguration = [MergedContextConfiguration@6015a4a5 testClass = TestsDaoHibernate, locations = '{classpath:/test/resources/TestsDaoHibernate-context.xml}', classes = '{}', contextInitializerClasses = '[]', activeProfiles = '{}', propertySourceLocations = '{}', propertySourceProperties = '{}', contextLoader = 'org.springframework.test.context.support.DelegatingSmartContextLoader', parent = [null]]].
]]></system-err>
  </testcase>
  <testcase name="testIsUserAllowedNullLogin" classname="com.iut.banque.test.dao.TestsDaoHibernate" time="0.003">
    <system-err><![CDATA[oct. 05, 2024 3:02:50 PM org.springframework.test.context.transaction.TransactionContext startTransaction
INFO: Began transaction (1) for test context [DefaultTestContext@2489e84a testClass = TestsDaoHibernate, testInstance = com.iut.banque.test.dao.TestsDaoHibernate@7d97e06c, testMethod = testIsUserAllowedNullLogin@TestsDaoHibernate, testException = [null], mergedContextConfiguration = [MergedContextConfiguration@6015a4a5 testClass = TestsDaoHibernate, locations = '{classpath:/test/resources/TestsDaoHibernate-context.xml}', classes = '{}', contextInitializerClasses = '[]', activeProfiles = '{}', propertySourceLocations = '{}', propertySourceProperties = '{}', contextLoader = 'org.springframework.test.context.support.DelegatingSmartContextLoader', parent = [null]]]; transaction manager [org.springframework.orm.hibernate5.HibernateTransactionManager@62b93086]; rollback [true]
oct. 05, 2024 3:02:50 PM org.springframework.test.context.transaction.TransactionContext endTransaction
INFO: Rolled back transaction for test context [DefaultTestContext@2489e84a testClass = TestsDaoHibernate, testInstance = com.iut.banque.test.dao.TestsDaoHibernate@7d97e06c, testMethod = testIsUserAllowedNullLogin@TestsDaoHibernate, testException = [null], mergedContextConfiguration = [MergedContextConfiguration@6015a4a5 testClass = TestsDaoHibernate, locations = '{classpath:/test/resources/TestsDaoHibernate-context.xml}', classes = '{}', contextInitializerClasses = '[]', activeProfiles = '{}', propertySourceLocations = '{}', propertySourceProperties = '{}', contextLoader = 'org.springframework.test.context.support.DelegatingSmartContextLoader', parent = [null]]].
]]></system-err>
  </testcase>
  <testcase name="testGetAccountsByUserIdDoesntExist" classname="com.iut.banque.test.dao.TestsDaoHibernate" time="0.005">
    <system-err><![CDATA[oct. 05, 2024 3:02:50 PM org.springframework.test.context.transaction.TransactionContext startTransaction
INFO: Began transaction (1) for test context [DefaultTestContext@2489e84a testClass = TestsDaoHibernate, testInstance = com.iut.banque.test.dao.TestsDaoHibernate@5a936e64, testMethod = testGetAccountsByUserIdDoesntExist@TestsDaoHibernate, testException = [null], mergedContextConfiguration = [MergedContextConfiguration@6015a4a5 testClass = TestsDaoHibernate, locations = '{classpath:/test/resources/TestsDaoHibernate-context.xml}', classes = '{}', contextInitializerClasses = '[]', activeProfiles = '{}', propertySourceLocations = '{}', propertySourceProperties = '{}', contextLoader = 'org.springframework.test.context.support.DelegatingSmartContextLoader', parent = [null]]]; transaction manager [org.springframework.orm.hibernate5.HibernateTransactionManager@62b93086]; rollback [true]
oct. 05, 2024 3:02:50 PM org.springframework.test.context.transaction.TransactionContext endTransaction
INFO: Rolled back transaction for test context [DefaultTestContext@2489e84a testClass = TestsDaoHibernate, testInstance = com.iut.banque.test.dao.TestsDaoHibernate@5a936e64, testMethod = testGetAccountsByUserIdDoesntExist@TestsDaoHibernate, testException = [null], mergedContextConfiguration = [MergedContextConfiguration@6015a4a5 testClass = TestsDaoHibernate, locations = '{classpath:/test/resources/TestsDaoHibernate-context.xml}', classes = '{}', contextInitializerClasses = '[]', activeProfiles = '{}', propertySourceLocations = '{}', propertySourceProperties = '{}', contextLoader = 'org.springframework.test.context.support.DelegatingSmartContextLoader', parent = [null]]].
]]></system-err>
  </testcase>
  <testcase name="testGetUserByIdDoesntExist" classname="com.iut.banque.test.dao.TestsDaoHibernate" time="0.003">
    <system-err><![CDATA[oct. 05, 2024 3:02:50 PM org.springframework.test.context.transaction.TransactionContext startTransaction
INFO: Began transaction (1) for test context [DefaultTestContext@2489e84a testClass = TestsDaoHibernate, testInstance = com.iut.banque.test.dao.TestsDaoHibernate@66cd621b, testMethod = testGetUserByIdDoesntExist@TestsDaoHibernate, testException = [null], mergedContextConfiguration = [MergedContextConfiguration@6015a4a5 testClass = TestsDaoHibernate, locations = '{classpath:/test/resources/TestsDaoHibernate-context.xml}', classes = '{}', contextInitializerClasses = '[]', activeProfiles = '{}', propertySourceLocations = '{}', propertySourceProperties = '{}', contextLoader = 'org.springframework.test.context.support.DelegatingSmartContextLoader', parent = [null]]]; transaction manager [org.springframework.orm.hibernate5.HibernateTransactionManager@62b93086]; rollback [true]
oct. 05, 2024 3:02:50 PM org.springframework.test.context.transaction.TransactionContext endTransaction
INFO: Rolled back transaction for test context [DefaultTestContext@2489e84a testClass = TestsDaoHibernate, testInstance = com.iut.banque.test.dao.TestsDaoHibernate@66cd621b, testMethod = testGetUserByIdDoesntExist@TestsDaoHibernate, testException = [null], mergedContextConfiguration = [MergedContextConfiguration@6015a4a5 testClass = TestsDaoHibernate, locations = '{classpath:/test/resources/TestsDaoHibernate-context.xml}', classes = '{}', contextInitializerClasses = '[]', activeProfiles = '{}', propertySourceLocations = '{}', propertySourceProperties = '{}', contextLoader = 'org.springframework.test.context.support.DelegatingSmartContextLoader', parent = [null]]].
]]></system-err>
  </testcase>
  <testcase name="testCreateGestionnaire" classname="com.iut.banque.test.dao.TestsDaoHibernate" time="0.006">
    <system-err><![CDATA[oct. 05, 2024 3:02:50 PM org.springframework.test.context.transaction.TransactionContext startTransaction
INFO: Began transaction (1) for test context [DefaultTestContext@2489e84a testClass = TestsDaoHibernate, testInstance = com.iut.banque.test.dao.TestsDaoHibernate@d70f722, testMethod = testCreateGestionnaire@TestsDaoHibernate, testException = [null], mergedContextConfiguration = [MergedContextConfiguration@6015a4a5 testClass = TestsDaoHibernate, locations = '{classpath:/test/resources/TestsDaoHibernate-context.xml}', classes = '{}', contextInitializerClasses = '[]', activeProfiles = '{}', propertySourceLocations = '{}', propertySourceProperties = '{}', contextLoader = 'org.springframework.test.context.support.DelegatingSmartContextLoader', parent = [null]]]; transaction manager [org.springframework.orm.hibernate5.HibernateTransactionManager@62b93086]; rollback [true]
oct. 05, 2024 3:02:50 PM org.springframework.test.context.transaction.TransactionContext endTransaction
INFO: Rolled back transaction for test context [DefaultTestContext@2489e84a testClass = TestsDaoHibernate, testInstance = com.iut.banque.test.dao.TestsDaoHibernate@d70f722, testMethod = testCreateGestionnaire@TestsDaoHibernate, testException = [null], mergedContextConfiguration = [MergedContextConfiguration@6015a4a5 testClass = TestsDaoHibernate, locations = '{classpath:/test/resources/TestsDaoHibernate-context.xml}', classes = '{}', contextInitializerClasses = '[]', activeProfiles = '{}', propertySourceLocations = '{}', propertySourceProperties = '{}', contextLoader = 'org.springframework.test.context.support.DelegatingSmartContextLoader', parent = [null]]].
]]></system-err>
  </testcase>
  <testcase name="testCreateCompteAvecDecouvertExistingId" classname="com.iut.banque.test.dao.TestsDaoHibernate" time="0.005">
    <system-err><![CDATA[oct. 05, 2024 3:02:50 PM org.springframework.test.context.transaction.TransactionContext startTransaction
INFO: Began transaction (1) for test context [DefaultTestContext@2489e84a testClass = TestsDaoHibernate, testInstance = com.iut.banque.test.dao.TestsDaoHibernate@1d8b0500, testMethod = testCreateCompteAvecDecouvertExistingId@TestsDaoHibernate, testException = [null], mergedContextConfiguration = [MergedContextConfiguration@6015a4a5 testClass = TestsDaoHibernate, locations = '{classpath:/test/resources/TestsDaoHibernate-context.xml}', classes = '{}', contextInitializerClasses = '[]', activeProfiles = '{}', propertySourceLocations = '{}', propertySourceProperties = '{}', contextLoader = 'org.springframework.test.context.support.DelegatingSmartContextLoader', parent = [null]]]; transaction manager [org.springframework.orm.hibernate5.HibernateTransactionManager@62b93086]; rollback [true]
oct. 05, 2024 3:02:50 PM org.springframework.test.context.transaction.TransactionContext endTransaction
INFO: Rolled back transaction for test context [DefaultTestContext@2489e84a testClass = TestsDaoHibernate, testInstance = com.iut.banque.test.dao.TestsDaoHibernate@1d8b0500, testMethod = testCreateCompteAvecDecouvertExistingId@TestsDaoHibernate, testException = [null], mergedContextConfiguration = [MergedContextConfiguration@6015a4a5 testClass = TestsDaoHibernate, locations = '{classpath:/test/resources/TestsDaoHibernate-context.xml}', classes = '{}', contextInitializerClasses = '[]', activeProfiles = '{}', propertySourceLocations = '{}', propertySourceProperties = '{}', contextLoader = 'org.springframework.test.context.support.DelegatingSmartContextLoader', parent = [null]]].
]]></system-err>
  </testcase>
  <testcase name="testIsUserAllowedEmptyPassword" classname="com.iut.banque.test.dao.TestsDaoHibernate" time="0.002">
    <system-err><![CDATA[oct. 05, 2024 3:02:50 PM org.springframework.test.context.transaction.TransactionContext startTransaction
INFO: Began transaction (1) for test context [DefaultTestContext@2489e84a testClass = TestsDaoHibernate, testInstance = com.iut.banque.test.dao.TestsDaoHibernate@43c57161, testMethod = testIsUserAllowedEmptyPassword@TestsDaoHibernate, testException = [null], mergedContextConfiguration = [MergedContextConfiguration@6015a4a5 testClass = TestsDaoHibernate, locations = '{classpath:/test/resources/TestsDaoHibernate-context.xml}', classes = '{}', contextInitializerClasses = '[]', activeProfiles = '{}', propertySourceLocations = '{}', propertySourceProperties = '{}', contextLoader = 'org.springframework.test.context.support.DelegatingSmartContextLoader', parent = [null]]]; transaction manager [org.springframework.orm.hibernate5.HibernateTransactionManager@62b93086]; rollback [true]
oct. 05, 2024 3:02:50 PM org.springframework.test.context.transaction.TransactionContext endTransaction
INFO: Rolled back transaction for test context [DefaultTestContext@2489e84a testClass = TestsDaoHibernate, testInstance = com.iut.banque.test.dao.TestsDaoHibernate@43c57161, testMethod = testIsUserAllowedEmptyPassword@TestsDaoHibernate, testException = [null], mergedContextConfiguration = [MergedContextConfiguration@6015a4a5 testClass = TestsDaoHibernate, locations = '{classpath:/test/resources/TestsDaoHibernate-context.xml}', classes = '{}', contextInitializerClasses = '[]', activeProfiles = '{}', propertySourceLocations = '{}', propertySourceProperties = '{}', contextLoader = 'org.springframework.test.context.support.DelegatingSmartContextLoader', parent = [null]]].
]]></system-err>
  </testcase>
  <testcase name="testCreateUser" classname="com.iut.banque.test.dao.TestsDaoHibernate" time="0.005">
    <system-err><![CDATA[oct. 05, 2024 3:02:50 PM org.springframework.test.context.transaction.TransactionContext startTransaction
INFO: Began transaction (1) for test context [DefaultTestContext@2489e84a testClass = TestsDaoHibernate, testInstance = com.iut.banque.test.dao.TestsDaoHibernate@d902300, testMethod = testCreateUser@TestsDaoHibernate, testException = [null], mergedContextConfiguration = [MergedContextConfiguration@6015a4a5 testClass = TestsDaoHibernate, locations = '{classpath:/test/resources/TestsDaoHibernate-context.xml}', classes = '{}', contextInitializerClasses = '[]', activeProfiles = '{}', propertySourceLocations = '{}', propertySourceProperties = '{}', contextLoader = 'org.springframework.test.context.support.DelegatingSmartContextLoader', parent = [null]]]; transaction manager [org.springframework.orm.hibernate5.HibernateTransactionManager@62b93086]; rollback [true]
oct. 05, 2024 3:02:50 PM org.springframework.test.context.transaction.TransactionContext endTransaction
INFO: Rolled back transaction for test context [DefaultTestContext@2489e84a testClass = TestsDaoHibernate, testInstance = com.iut.banque.test.dao.TestsDaoHibernate@d902300, testMethod = testCreateUser@TestsDaoHibernate, testException = [null], mergedContextConfiguration = [MergedContextConfiguration@6015a4a5 testClass = TestsDaoHibernate, locations = '{classpath:/test/resources/TestsDaoHibernate-context.xml}', classes = '{}', contextInitializerClasses = '[]', activeProfiles = '{}', propertySourceLocations = '{}', propertySourceProperties = '{}', contextLoader = 'org.springframework.test.context.support.DelegatingSmartContextLoader', parent = [null]]].
]]></system-err>
  </testcase>
  <testcase name="testCreateCompteSansDecouvertExistingId" classname="com.iut.banque.test.dao.TestsDaoHibernate" time="0.005">
    <system-err><![CDATA[oct. 05, 2024 3:02:50 PM org.springframework.test.context.transaction.TransactionContext startTransaction
INFO: Began transaction (1) for test context [DefaultTestContext@2489e84a testClass = TestsDaoHibernate, testInstance = com.iut.banque.test.dao.TestsDaoHibernate@383caf89, testMethod = testCreateCompteSansDecouvertExistingId@TestsDaoHibernate, testException = [null], mergedContextConfiguration = [MergedContextConfiguration@6015a4a5 testClass = TestsDaoHibernate, locations = '{classpath:/test/resources/TestsDaoHibernate-context.xml}', classes = '{}', contextInitializerClasses = '[]', activeProfiles = '{}', propertySourceLocations = '{}', propertySourceProperties = '{}', contextLoader = 'org.springframework.test.context.support.DelegatingSmartContextLoader', parent = [null]]]; transaction manager [org.springframework.orm.hibernate5.HibernateTransactionManager@62b93086]; rollback [true]
oct. 05, 2024 3:02:50 PM org.springframework.test.context.transaction.TransactionContext endTransaction
INFO: Rolled back transaction for test context [DefaultTestContext@2489e84a testClass = TestsDaoHibernate, testInstance = com.iut.banque.test.dao.TestsDaoHibernate@383caf89, testMethod = testCreateCompteSansDecouvertExistingId@TestsDaoHibernate, testException = [null], mergedContextConfiguration = [MergedContextConfiguration@6015a4a5 testClass = TestsDaoHibernate, locations = '{classpath:/test/resources/TestsDaoHibernate-context.xml}', classes = '{}', contextInitializerClasses = '[]', activeProfiles = '{}', propertySourceLocations = '{}', propertySourceProperties = '{}', contextLoader = 'org.springframework.test.context.support.DelegatingSmartContextLoader', parent = [null]]].
]]></system-err>
  </testcase>
  <testcase name="testDeleteUser" classname="com.iut.banque.test.dao.TestsDaoHibernate" time="0.004">
    <system-err><![CDATA[oct. 05, 2024 3:02:50 PM org.springframework.test.context.transaction.TransactionContext startTransaction
INFO: Began transaction (1) for test context [DefaultTestContext@2489e84a testClass = TestsDaoHibernate, testInstance = com.iut.banque.test.dao.TestsDaoHibernate@62a68bcb, testMethod = testDeleteUser@TestsDaoHibernate, testException = [null], mergedContextConfiguration = [MergedContextConfiguration@6015a4a5 testClass = TestsDaoHibernate, locations = '{classpath:/test/resources/TestsDaoHibernate-context.xml}', classes = '{}', contextInitializerClasses = '[]', activeProfiles = '{}', propertySourceLocations = '{}', propertySourceProperties = '{}', contextLoader = 'org.springframework.test.context.support.DelegatingSmartContextLoader', parent = [null]]]; transaction manager [org.springframework.orm.hibernate5.HibernateTransactionManager@62b93086]; rollback [true]
oct. 05, 2024 3:02:50 PM org.springframework.test.context.transaction.TransactionContext endTransaction
INFO: Rolled back transaction for test context [DefaultTestContext@2489e84a testClass = TestsDaoHibernate, testInstance = com.iut.banque.test.dao.TestsDaoHibernate@62a68bcb, testMethod = testDeleteUser@TestsDaoHibernate, testException = [null], mergedContextConfiguration = [MergedContextConfiguration@6015a4a5 testClass = TestsDaoHibernate, locations = '{classpath:/test/resources/TestsDaoHibernate-context.xml}', classes = '{}', contextInitializerClasses = '[]', activeProfiles = '{}', propertySourceLocations = '{}', propertySourceProperties = '{}', contextLoader = 'org.springframework.test.context.support.DelegatingSmartContextLoader', parent = [null]]].
]]></system-err>
  </testcase>
  <testcase name="testIsUserAllowedEmptyTrimmedLogin" classname="com.iut.banque.test.dao.TestsDaoHibernate" time="0.002">
    <system-err><![CDATA[oct. 05, 2024 3:02:50 PM org.springframework.test.context.transaction.TransactionContext startTransaction
INFO: Began transaction (1) for test context [DefaultTestContext@2489e84a testClass = TestsDaoHibernate, testInstance = com.iut.banque.test.dao.TestsDaoHibernate@430b2699, testMethod = testIsUserAllowedEmptyTrimmedLogin@TestsDaoHibernate, testException = [null], mergedContextConfiguration = [MergedContextConfiguration@6015a4a5 testClass = TestsDaoHibernate, locations = '{classpath:/test/resources/TestsDaoHibernate-context.xml}', classes = '{}', contextInitializerClasses = '[]', activeProfiles = '{}', propertySourceLocations = '{}', propertySourceProperties = '{}', contextLoader = 'org.springframework.test.context.support.DelegatingSmartContextLoader', parent = [null]]]; transaction manager [org.springframework.orm.hibernate5.HibernateTransactionManager@62b93086]; rollback [true]
oct. 05, 2024 3:02:50 PM org.springframework.test.context.transaction.TransactionContext endTransaction
INFO: Rolled back transaction for test context [DefaultTestContext@2489e84a testClass = TestsDaoHibernate, testInstance = com.iut.banque.test.dao.TestsDaoHibernate@430b2699, testMethod = testIsUserAllowedEmptyTrimmedLogin@TestsDaoHibernate, testException = [null], mergedContextConfiguration = [MergedContextConfiguration@6015a4a5 testClass = TestsDaoHibernate, locations = '{classpath:/test/resources/TestsDaoHibernate-context.xml}', classes = '{}', contextInitializerClasses = '[]', activeProfiles = '{}', propertySourceLocations = '{}', propertySourceProperties = '{}', contextLoader = 'org.springframework.test.context.support.DelegatingSmartContextLoader', parent = [null]]].
]]></system-err>
  </testcase>
  <testcase name="testCreateCompteAvecDecouvert" classname="com.iut.banque.test.dao.TestsDaoHibernate" time="0.004">
    <system-err><![CDATA[oct. 05, 2024 3:02:50 PM org.springframework.test.context.transaction.TransactionContext startTransaction
INFO: Began transaction (1) for test context [DefaultTestContext@2489e84a testClass = TestsDaoHibernate, testInstance = com.iut.banque.test.dao.TestsDaoHibernate@67536ae0, testMethod = testCreateCompteAvecDecouvert@TestsDaoHibernate, testException = [null], mergedContextConfiguration = [MergedContextConfiguration@6015a4a5 testClass = TestsDaoHibernate, locations = '{classpath:/test/resources/TestsDaoHibernate-context.xml}', classes = '{}', contextInitializerClasses = '[]', activeProfiles = '{}', propertySourceLocations = '{}', propertySourceProperties = '{}', contextLoader = 'org.springframework.test.context.support.DelegatingSmartContextLoader', parent = [null]]]; transaction manager [org.springframework.orm.hibernate5.HibernateTransactionManager@62b93086]; rollback [true]
oct. 05, 2024 3:02:50 PM org.springframework.test.context.transaction.TransactionContext endTransaction
INFO: Rolled back transaction for test context [DefaultTestContext@2489e84a testClass = TestsDaoHibernate, testInstance = com.iut.banque.test.dao.TestsDaoHibernate@67536ae0, testMethod = testCreateCompteAvecDecouvert@TestsDaoHibernate, testException = [null], mergedContextConfiguration = [MergedContextConfiguration@6015a4a5 testClass = TestsDaoHibernate, locations = '{classpath:/test/resources/TestsDaoHibernate-context.xml}', classes = '{}', contextInitializerClasses = '[]', activeProfiles = '{}', propertySourceLocations = '{}', propertySourceProperties = '{}', contextLoader = 'org.springframework.test.context.support.DelegatingSmartContextLoader', parent = [null]]].
]]></system-err>
  </testcase>
  <testcase name="testIsUserAllowedWrongPassword" classname="com.iut.banque.test.dao.TestsDaoHibernate" time="0.004">
    <system-err><![CDATA[oct. 05, 2024 3:02:50 PM org.springframework.test.context.transaction.TransactionContext startTransaction
INFO: Began transaction (1) for test context [DefaultTestContext@2489e84a testClass = TestsDaoHibernate, testInstance = com.iut.banque.test.dao.TestsDaoHibernate@6d67f5eb, testMethod = testIsUserAllowedWrongPassword@TestsDaoHibernate, testException = [null], mergedContextConfiguration = [MergedContextConfiguration@6015a4a5 testClass = TestsDaoHibernate, locations = '{classpath:/test/resources/TestsDaoHibernate-context.xml}', classes = '{}', contextInitializerClasses = '[]', activeProfiles = '{}', propertySourceLocations = '{}', propertySourceProperties = '{}', contextLoader = 'org.springframework.test.context.support.DelegatingSmartContextLoader', parent = [null]]]; transaction manager [org.springframework.orm.hibernate5.HibernateTransactionManager@62b93086]; rollback [true]
oct. 05, 2024 3:02:50 PM org.springframework.test.context.transaction.TransactionContext endTransaction
INFO: Rolled back transaction for test context [DefaultTestContext@2489e84a testClass = TestsDaoHibernate, testInstance = com.iut.banque.test.dao.TestsDaoHibernate@6d67f5eb, testMethod = testIsUserAllowedWrongPassword@TestsDaoHibernate, testException = [null], mergedContextConfiguration = [MergedContextConfiguration@6015a4a5 testClass = TestsDaoHibernate, locations = '{classpath:/test/resources/TestsDaoHibernate-context.xml}', classes = '{}', contextInitializerClasses = '[]', activeProfiles = '{}', propertySourceLocations = '{}', propertySourceProperties = '{}', contextLoader = 'org.springframework.test.context.support.DelegatingSmartContextLoader', parent = [null]]].
]]></system-err>
  </testcase>
  <testcase name="testGetgestionnaireById" classname="com.iut.banque.test.dao.TestsDaoHibernate" time="0.003">
    <system-err><![CDATA[oct. 05, 2024 3:02:50 PM org.springframework.test.context.transaction.TransactionContext startTransaction
INFO: Began transaction (1) for test context [DefaultTestContext@2489e84a testClass = TestsDaoHibernate, testInstance = com.iut.banque.test.dao.TestsDaoHibernate@7134b8a7, testMethod = testGetgestionnaireById@TestsDaoHibernate, testException = [null], mergedContextConfiguration = [MergedContextConfiguration@6015a4a5 testClass = TestsDaoHibernate, locations = '{classpath:/test/resources/TestsDaoHibernate-context.xml}', classes = '{}', contextInitializerClasses = '[]', activeProfiles = '{}', propertySourceLocations = '{}', propertySourceProperties = '{}', contextLoader = 'org.springframework.test.context.support.DelegatingSmartContextLoader', parent = [null]]]; transaction manager [org.springframework.orm.hibernate5.HibernateTransactionManager@62b93086]; rollback [true]
oct. 05, 2024 3:02:50 PM org.springframework.test.context.transaction.TransactionContext endTransaction
INFO: Rolled back transaction for test context [DefaultTestContext@2489e84a testClass = TestsDaoHibernate, testInstance = com.iut.banque.test.dao.TestsDaoHibernate@7134b8a7, testMethod = testGetgestionnaireById@TestsDaoHibernate, testException = [null], mergedContextConfiguration = [MergedContextConfiguration@6015a4a5 testClass = TestsDaoHibernate, locations = '{classpath:/test/resources/TestsDaoHibernate-context.xml}', classes = '{}', contextInitializerClasses = '[]', activeProfiles = '{}', propertySourceLocations = '{}', propertySourceProperties = '{}', contextLoader = 'org.springframework.test.context.support.DelegatingSmartContextLoader', parent = [null]]].
]]></system-err>
  </testcase>
  <testcase name="testIsUserAllowedUser" classname="com.iut.banque.test.dao.TestsDaoHibernate" time="0.003">
    <system-err><![CDATA[oct. 05, 2024 3:02:50 PM org.springframework.test.context.transaction.TransactionContext startTransaction
INFO: Began transaction (1) for test context [DefaultTestContext@2489e84a testClass = TestsDaoHibernate, testInstance = com.iut.banque.test.dao.TestsDaoHibernate@3ba3d4b6, testMethod = testIsUserAllowedUser@TestsDaoHibernate, testException = [null], mergedContextConfiguration = [MergedContextConfiguration@6015a4a5 testClass = TestsDaoHibernate, locations = '{classpath:/test/resources/TestsDaoHibernate-context.xml}', classes = '{}', contextInitializerClasses = '[]', activeProfiles = '{}', propertySourceLocations = '{}', propertySourceProperties = '{}', contextLoader = 'org.springframework.test.context.support.DelegatingSmartContextLoader', parent = [null]]]; transaction manager [org.springframework.orm.hibernate5.HibernateTransactionManager@62b93086]; rollback [true]
oct. 05, 2024 3:02:50 PM org.springframework.test.context.transaction.TransactionContext endTransaction
INFO: Rolled back transaction for test context [DefaultTestContext@2489e84a testClass = TestsDaoHibernate, testInstance = com.iut.banque.test.dao.TestsDaoHibernate@3ba3d4b6, testMethod = testIsUserAllowedUser@TestsDaoHibernate, testException = [null], mergedContextConfiguration = [MergedContextConfiguration@6015a4a5 testClass = TestsDaoHibernate, locations = '{classpath:/test/resources/TestsDaoHibernate-context.xml}', classes = '{}', contextInitializerClasses = '[]', activeProfiles = '{}', propertySourceLocations = '{}', propertySourceProperties = '{}', contextLoader = 'org.springframework.test.context.support.DelegatingSmartContextLoader', parent = [null]]].
]]></system-err>
  </testcase>
  <testcase name="testCreateClient" classname="com.iut.banque.test.dao.TestsDaoHibernate" time="0.003">
    <system-err><![CDATA[oct. 05, 2024 3:02:50 PM org.springframework.test.context.transaction.TransactionContext startTransaction
INFO: Began transaction (1) for test context [DefaultTestContext@2489e84a testClass = TestsDaoHibernate, testInstance = com.iut.banque.test.dao.TestsDaoHibernate@1642eeae, testMethod = testCreateClient@TestsDaoHibernate, testException = [null], mergedContextConfiguration = [MergedContextConfiguration@6015a4a5 testClass = TestsDaoHibernate, locations = '{classpath:/test/resources/TestsDaoHibernate-context.xml}', classes = '{}', contextInitializerClasses = '[]', activeProfiles = '{}', propertySourceLocations = '{}', propertySourceProperties = '{}', contextLoader = 'org.springframework.test.context.support.DelegatingSmartContextLoader', parent = [null]]]; transaction manager [org.springframework.orm.hibernate5.HibernateTransactionManager@62b93086]; rollback [true]
oct. 05, 2024 3:02:50 PM org.springframework.test.context.transaction.TransactionContext endTransaction
INFO: Rolled back transaction for test context [DefaultTestContext@2489e84a testClass = TestsDaoHibernate, testInstance = com.iut.banque.test.dao.TestsDaoHibernate@1642eeae, testMethod = testCreateClient@TestsDaoHibernate, testException = [null], mergedContextConfiguration = [MergedContextConfiguration@6015a4a5 testClass = TestsDaoHibernate, locations = '{classpath:/test/resources/TestsDaoHibernate-context.xml}', classes = '{}', contextInitializerClasses = '[]', activeProfiles = '{}', propertySourceLocations = '{}', propertySourceProperties = '{}', contextLoader = 'org.springframework.test.context.support.DelegatingSmartContextLoader', parent = [null]]].
]]></system-err>
  </testcase>
  <testcase name="testGetAccountsByUserIdNoAccount" classname="com.iut.banque.test.dao.TestsDaoHibernate" time="0.004">
    <system-err><![CDATA[oct. 05, 2024 3:02:50 PM org.springframework.test.context.transaction.TransactionContext startTransaction
INFO: Began transaction (1) for test context [DefaultTestContext@2489e84a testClass = TestsDaoHibernate, testInstance = com.iut.banque.test.dao.TestsDaoHibernate@502a4156, testMethod = testGetAccountsByUserIdNoAccount@TestsDaoHibernate, testException = [null], mergedContextConfiguration = [MergedContextConfiguration@6015a4a5 testClass = TestsDaoHibernate, locations = '{classpath:/test/resources/TestsDaoHibernate-context.xml}', classes = '{}', contextInitializerClasses = '[]', activeProfiles = '{}', propertySourceLocations = '{}', propertySourceProperties = '{}', contextLoader = 'org.springframework.test.context.support.DelegatingSmartContextLoader', parent = [null]]]; transaction manager [org.springframework.orm.hibernate5.HibernateTransactionManager@62b93086]; rollback [true]
oct. 05, 2024 3:02:50 PM org.springframework.test.context.transaction.TransactionContext endTransaction
INFO: Rolled back transaction for test context [DefaultTestContext@2489e84a testClass = TestsDaoHibernate, testInstance = com.iut.banque.test.dao.TestsDaoHibernate@502a4156, testMethod = testGetAccountsByUserIdNoAccount@TestsDaoHibernate, testException = [null], mergedContextConfiguration = [MergedContextConfiguration@6015a4a5 testClass = TestsDaoHibernate, locations = '{classpath:/test/resources/TestsDaoHibernate-context.xml}', classes = '{}', contextInitializerClasses = '[]', activeProfiles = '{}', propertySourceLocations = '{}', propertySourceProperties = '{}', contextLoader = 'org.springframework.test.context.support.DelegatingSmartContextLoader', parent = [null]]].
]]></system-err>
  </testcase>
</testsuite>